[0.056s] Invoking command in '/dev_ws/build/articubot_one': CMAKE_PREFIX_PATH=${CMAKE_PREFIX_PATH}:/opt/ros/foxy /usr/bin/cmake --build /dev_ws/build/articubot_one -- -j8 -l8
[0.141s] Invoked command in '/dev_ws/build/articubot_one' returned '0': CMAKE_PREFIX_PATH=${CMAKE_PREFIX_PATH}:/opt/ros/foxy /usr/bin/cmake --build /dev_ws/build/articubot_one -- -j8 -l8
[0.203s] Invoking command in '/dev_ws/build/articubot_one': CMAKE_PREFIX_PATH=${CMAKE_PREFIX_PATH}:/opt/ros/foxy /usr/bin/cmake --install /dev_ws/build/articubot_one
[0.219s] -- Install configuration: ""
[0.219s] -- Execute custom install script
[0.220s] -- Up-to-date symlink: /dev_ws/install/articubot_one/share/articubot_one/config/empty.yaml
[0.221s] -- Up-to-date symlink: /dev_ws/install/articubot_one/share/articubot_one/description/robot.urdf.xacro
[0.221s] -- Up-to-date symlink: /dev_ws/install/articubot_one/share/articubot_one/description/robot_core.xacro
[0.221s] -- Up-to-date symlink: /dev_ws/install/articubot_one/share/articubot_one/launch/rsp.launch.py
[0.222s] -- Up-to-date symlink: /dev_ws/install/articubot_one/share/articubot_one/worlds/empty.world
[0.222s] -- Up-to-date symlink: /dev_ws/install/articubot_one/share/ament_index/resource_index/package_run_dependencies/articubot_one
[0.223s] -- Up-to-date symlink: /dev_ws/install/articubot_one/share/ament_index/resource_index/parent_prefix_path/articubot_one
[0.223s] -- Up-to-date symlink: /dev_ws/install/articubot_one/share/articubot_one/environment/ament_prefix_path.sh
[0.223s] -- Up-to-date symlink: /dev_ws/install/articubot_one/share/articubot_one/environment/ament_prefix_path.dsv
[0.224s] -- Up-to-date symlink: /dev_ws/install/articubot_one/share/articubot_one/environment/path.sh
[0.224s] -- Up-to-date symlink: /dev_ws/install/articubot_one/share/articubot_one/environment/path.dsv
[0.225s] -- Up-to-date symlink: /dev_ws/install/articubot_one/share/articubot_one/local_setup.bash
[0.225s] -- Up-to-date symlink: /dev_ws/install/articubot_one/share/articubot_one/local_setup.sh
[0.225s] -- Up-to-date symlink: /dev_ws/install/articubot_one/share/articubot_one/local_setup.zsh
[0.226s] -- Up-to-date symlink: /dev_ws/install/articubot_one/share/articubot_one/local_setup.dsv
[0.226s] -- Symlinking: /dev_ws/install/articubot_one/share/articubot_one/package.dsv
[0.243s] -- Up-to-date symlink: /dev_ws/install/articubot_one/share/ament_index/resource_index/packages/articubot_one
[0.243s] -- Up-to-date symlink: /dev_ws/install/articubot_one/share/articubot_one/cmake/articubot_oneConfig.cmake
[0.243s] -- Up-to-date symlink: /dev_ws/install/articubot_one/share/articubot_one/cmake/articubot_oneConfig-version.cmake
[0.244s] -- Up-to-date symlink: /dev_ws/install/articubot_one/share/articubot_one/package.xml
[0.248s] Invoked command in '/dev_ws/build/articubot_one' returned '0': CMAKE_PREFIX_PATH=${CMAKE_PREFIX_PATH}:/opt/ros/foxy /usr/bin/cmake --install /dev_ws/build/articubot_one
