[0.106s] Invoking command in '/dev_ws/build/articubot_one': CMAKE_PREFIX_PATH=/opt/ros/foxy /usr/bin/cmake --build /dev_ws/build/articubot_one -- -j8 -l8
[0.323s] Invoked command in '/dev_ws/build/articubot_one' returned '0': CMAKE_PREFIX_PATH=/opt/ros/foxy /usr/bin/cmake --build /dev_ws/build/articubot_one -- -j8 -l8
[0.399s] Invoking command in '/dev_ws/build/articubot_one': CMAKE_PREFIX_PATH=/opt/ros/foxy /usr/bin/cmake --install /dev_ws/build/articubot_one
[0.445s] -- Install configuration: ""
[0.462s] -- Execute custom install script
[0.479s] -- Up-to-date symlink: /dev_ws/install/articubot_one/share/articubot_one/config/drive_bot.rviz
[0.479s] -- Up-to-date symlink: /dev_ws/install/articubot_one/share/articubot_one/config/empty.yaml
[0.480s] -- Up-to-date symlink: /dev_ws/install/articubot_one/share/articubot_one/config/view_bot.rviz
[0.482s] -- Symlinking: /dev_ws/install/articubot_one/share/articubot_one/description/camera.xacro
[0.501s] -- Up-to-date symlink: /dev_ws/install/articubot_one/share/articubot_one/description/gazebo_control.xacro
[0.501s] -- Up-to-date symlink: /dev_ws/install/articubot_one/share/articubot_one/description/inertial_macros.xacro
[0.502s] -- Up-to-date symlink: /dev_ws/install/articubot_one/share/articubot_one/description/lidar.xacro
[0.502s] -- Up-to-date symlink: /dev_ws/install/articubot_one/share/articubot_one/description/robot.urdf.xacro
[0.503s] -- Up-to-date symlink: /dev_ws/install/articubot_one/share/articubot_one/description/robot_core.xacro
[0.511s] -- Up-to-date symlink: /dev_ws/install/articubot_one/share/articubot_one/launch/launch_sim.launch.py
[0.512s] -- Up-to-date symlink: /dev_ws/install/articubot_one/share/articubot_one/launch/rsp.launch.py
[0.513s] -- Up-to-date symlink: /dev_ws/install/articubot_one/share/articubot_one/worlds/empty.world
[0.514s] -- Up-to-date symlink: /dev_ws/install/articubot_one/share/articubot_one/worlds/obstacles.world
[0.515s] -- Up-to-date symlink: /dev_ws/install/articubot_one/share/ament_index/resource_index/package_run_dependencies/articubot_one
[0.517s] -- Up-to-date symlink: /dev_ws/install/articubot_one/share/ament_index/resource_index/parent_prefix_path/articubot_one
[0.518s] -- Up-to-date symlink: /dev_ws/install/articubot_one/share/articubot_one/environment/ament_prefix_path.sh
[0.520s] -- Up-to-date symlink: /dev_ws/install/articubot_one/share/articubot_one/environment/ament_prefix_path.dsv
[0.522s] -- Up-to-date symlink: /dev_ws/install/articubot_one/share/articubot_one/environment/path.sh
[0.523s] -- Up-to-date symlink: /dev_ws/install/articubot_one/share/articubot_one/environment/path.dsv
[0.524s] -- Up-to-date symlink: /dev_ws/install/articubot_one/share/articubot_one/local_setup.bash
[0.525s] -- Up-to-date symlink: /dev_ws/install/articubot_one/share/articubot_one/local_setup.sh
[0.527s] -- Up-to-date symlink: /dev_ws/install/articubot_one/share/articubot_one/local_setup.zsh
[0.528s] -- Up-to-date symlink: /dev_ws/install/articubot_one/share/articubot_one/local_setup.dsv
[0.529s] -- Symlinking: /dev_ws/install/articubot_one/share/articubot_one/package.dsv
[0.550s] -- Up-to-date symlink: /dev_ws/install/articubot_one/share/ament_index/resource_index/packages/articubot_one
[0.551s] -- Up-to-date symlink: /dev_ws/install/articubot_one/share/articubot_one/cmake/articubot_oneConfig.cmake
[0.552s] -- Up-to-date symlink: /dev_ws/install/articubot_one/share/articubot_one/cmake/articubot_oneConfig-version.cmake
[0.553s] -- Up-to-date symlink: /dev_ws/install/articubot_one/share/articubot_one/package.xml
[0.560s] Invoked command in '/dev_ws/build/articubot_one' returned '0': CMAKE_PREFIX_PATH=/opt/ros/foxy /usr/bin/cmake --install /dev_ws/build/articubot_one
