[2.011s] DEBUG:colcon:Command line arguments: ['/usr/bin/colcon', 'build', '--symlink-install']
[2.011s] DEBUG:colcon:Parsed command line arguments: Namespace(ament_cmake_args=None, base_paths=['.'], build_base='build', catkin_cmake_args=None, catkin_skip_building_tests=False, cmake_args=None, cmake_clean_cache=False, cmake_clean_first=False, cmake_force_configure=False, cmake_target=None, cmake_target_skip_unavailable=False, continue_on_error=False, event_handlers=None, executor='parallel', ignore_user_meta=False, install_base='install', log_base=None, log_level=None, main=<bound method BuildVerb.main of <colcon_core.verb.build.BuildVerb object at 0x750b3851d430>>, merge_install=False, metas=['./colcon.meta'], mixin=None, mixin_files=None, mixin_verb=('build',), packages_above=None, packages_above_and_dependencies=None, packages_above_depth=None, packages_end=None, packages_ignore=None, packages_ignore_regex=None, packages_select=None, packages_select_build_failed=False, packages_select_by_dep=None, packages_select_regex=None, packages_select_test_failures=False, packages_skip=None, packages_skip_build_finished=False, packages_skip_by_dep=None, packages_skip_regex=None, packages_skip_test_passed=False, packages_skip_up_to=None, packages_start=None, packages_up_to=None, packages_up_to_regex=None, parallel_workers=8, paths=None, symlink_install=True, test_result_base=None, verb_extension=<colcon_core.verb.build.BuildVerb object at 0x750b3851d430>, verb_name='build', verb_parser=<colcon_mixin.mixin.mixin_argument.MixinArgumentDecorator object at 0x750b3851da90>)
[2.138s] Level 1:colcon.colcon_core.package_discovery:discover_packages(colcon_meta) check parameters
[2.138s] Level 1:colcon.colcon_core.package_discovery:discover_packages(recursive) check parameters
[2.138s] Level 1:colcon.colcon_core.package_discovery:discover_packages(ignore) check parameters
[2.138s] Level 1:colcon.colcon_core.package_discovery:discover_packages(path) check parameters
[2.138s] Level 1:colcon.colcon_core.package_discovery:discover_packages(colcon_meta) discover
[2.139s] Level 1:colcon.colcon_core.package_discovery:discover_packages(recursive) discover
[2.139s] INFO:colcon.colcon_core.package_discovery:Crawling recursively for packages in '/dev_ws'
[2.139s] Level 1:colcon.colcon_core.package_identification:_identify(.) by extensions ['ignore', 'ignore_ament_install']
[2.140s] Level 1:colcon.colcon_core.package_identification:_identify(.) by extension 'ignore'
[2.140s] Level 1:colcon.colcon_core.package_identification:_identify(.) by extension 'ignore_ament_install'
[2.140s] Level 1:colcon.colcon_core.package_identification:_identify(.) by extensions ['colcon_pkg']
[2.140s] Level 1:colcon.colcon_core.package_identification:_identify(.) by extension 'colcon_pkg'
[2.140s] Level 1:colcon.colcon_core.package_identification:_identify(.) by extensions ['colcon_meta']
[2.141s] Level 1:colcon.colcon_core.package_identification:_identify(.) by extension 'colcon_meta'
[2.141s] Level 1:colcon.colcon_core.package_identification:_identify(.) by extensions ['ros']
[2.141s] Level 1:colcon.colcon_core.package_identification:_identify(.) by extension 'ros'
[2.192s] Level 1:colcon.colcon_core.package_identification:_identify(.) by extensions ['cmake', 'python']
[2.192s] Level 1:colcon.colcon_core.package_identification:_identify(.) by extension 'cmake'
[2.192s] Level 1:colcon.colcon_core.package_identification:_identify(.) by extension 'python'
[2.192s] Level 1:colcon.colcon_core.package_identification:_identify(.) by extensions ['python_setup_py']
[2.192s] Level 1:colcon.colcon_core.package_identification:_identify(.) by extension 'python_setup_py'
[2.193s] Level 1:colcon.colcon_core.package_identification:_identify(build) by extensions ['ignore', 'ignore_ament_install']
[2.194s] Level 1:colcon.colcon_core.package_identification:_identify(build) by extension 'ignore'
[2.194s] Level 1:colcon.colcon_core.package_identification:_identify(build) ignored
[2.194s] Level 1:colcon.colcon_core.package_identification:_identify(install) by extensions ['ignore', 'ignore_ament_install']
[2.194s] Level 1:colcon.colcon_core.package_identification:_identify(install) by extension 'ignore'
[2.194s] Level 1:colcon.colcon_core.package_identification:_identify(install) ignored
[2.194s] Level 1:colcon.colcon_core.package_identification:_identify(log) by extensions ['ignore', 'ignore_ament_install']
[2.194s] Level 1:colcon.colcon_core.package_identification:_identify(log) by extension 'ignore'
[2.194s] Level 1:colcon.colcon_core.package_identification:_identify(log) ignored
[2.194s] Level 1:colcon.colcon_core.package_identification:_identify(src) by extensions ['ignore', 'ignore_ament_install']
[2.195s] Level 1:colcon.colcon_core.package_identification:_identify(src) by extension 'ignore'
[2.195s] Level 1:colcon.colcon_core.package_identification:_identify(src) by extension 'ignore_ament_install'
[2.195s] Level 1:colcon.colcon_core.package_identification:_identify(src) by extensions ['colcon_pkg']
[2.195s] Level 1:colcon.colcon_core.package_identification:_identify(src) by extension 'colcon_pkg'
[2.195s] Level 1:colcon.colcon_core.package_identification:_identify(src) by extensions ['colcon_meta']
[2.195s] Level 1:colcon.colcon_core.package_identification:_identify(src) by extension 'colcon_meta'
[2.195s] Level 1:colcon.colcon_core.package_identification:_identify(src) by extensions ['ros']
[2.195s] Level 1:colcon.colcon_core.package_identification:_identify(src) by extension 'ros'
[2.195s] Level 1:colcon.colcon_core.package_identification:_identify(src) by extensions ['cmake', 'python']
[2.195s] Level 1:colcon.colcon_core.package_identification:_identify(src) by extension 'cmake'
[2.195s] Level 1:colcon.colcon_core.package_identification:_identify(src) by extension 'python'
[2.195s] Level 1:colcon.colcon_core.package_identification:_identify(src) by extensions ['python_setup_py']
[2.195s] Level 1:colcon.colcon_core.package_identification:_identify(src) by extension 'python_setup_py'
[2.195s] Level 1:colcon.colcon_core.package_identification:_identify(src/articubot_one) by extensions ['ignore', 'ignore_ament_install']
[2.195s] Level 1:colcon.colcon_core.package_identification:_identify(src/articubot_one) by extension 'ignore'
[2.195s] Level 1:colcon.colcon_core.package_identification:_identify(src/articubot_one) by extension 'ignore_ament_install'
[2.195s] Level 1:colcon.colcon_core.package_identification:_identify(src/articubot_one) by extensions ['colcon_pkg']
[2.195s] Level 1:colcon.colcon_core.package_identification:_identify(src/articubot_one) by extension 'colcon_pkg'
[2.195s] Level 1:colcon.colcon_core.package_identification:_identify(src/articubot_one) by extensions ['colcon_meta']
[2.196s] Level 1:colcon.colcon_core.package_identification:_identify(src/articubot_one) by extension 'colcon_meta'
[2.196s] Level 1:colcon.colcon_core.package_identification:_identify(src/articubot_one) by extensions ['ros']
[2.196s] Level 1:colcon.colcon_core.package_identification:_identify(src/articubot_one) by extension 'ros'
[2.211s] DEBUG:colcon.colcon_core.package_identification:Package 'src/articubot_one' with type 'ros.ament_cmake' and name 'articubot_one'
[2.211s] Level 1:colcon.colcon_core.package_discovery:discover_packages(recursive) using defaults
[2.211s] Level 1:colcon.colcon_core.package_discovery:discover_packages(ignore) discover
[2.211s] Level 1:colcon.colcon_core.package_discovery:discover_packages(ignore) using defaults
[2.211s] Level 1:colcon.colcon_core.package_discovery:discover_packages(path) discover
[2.211s] Level 1:colcon.colcon_core.package_discovery:discover_packages(path) using defaults
[2.263s] Level 5:colcon.colcon_core.verb:set package 'articubot_one' build argument 'cmake_args' from command line to 'None'
[2.263s] Level 5:colcon.colcon_core.verb:set package 'articubot_one' build argument 'cmake_target' from command line to 'None'
[2.263s] Level 5:colcon.colcon_core.verb:set package 'articubot_one' build argument 'cmake_target_skip_unavailable' from command line to 'False'
[2.263s] Level 5:colcon.colcon_core.verb:set package 'articubot_one' build argument 'cmake_clean_cache' from command line to 'False'
[2.263s] Level 5:colcon.colcon_core.verb:set package 'articubot_one' build argument 'cmake_clean_first' from command line to 'False'
[2.263s] Level 5:colcon.colcon_core.verb:set package 'articubot_one' build argument 'cmake_force_configure' from command line to 'False'
[2.263s] Level 5:colcon.colcon_core.verb:set package 'articubot_one' build argument 'ament_cmake_args' from command line to 'None'
[2.263s] Level 5:colcon.colcon_core.verb:set package 'articubot_one' build argument 'catkin_cmake_args' from command line to 'None'
[2.263s] Level 5:colcon.colcon_core.verb:set package 'articubot_one' build argument 'catkin_skip_building_tests' from command line to 'False'
[2.263s] DEBUG:colcon.colcon_core.verb:Building package 'articubot_one' with the following arguments: {'ament_cmake_args': None, 'build_base': '/dev_ws/build/articubot_one', 'catkin_cmake_args': None, 'catkin_skip_building_tests': False, 'cmake_args': None, 'cmake_clean_cache': False, 'cmake_clean_first': False, 'cmake_force_configure': False, 'cmake_target': None, 'cmake_target_skip_unavailable': False, 'install_base': '/dev_ws/install/articubot_one', 'merge_install': False, 'path': '/dev_ws/src/articubot_one', 'symlink_install': True, 'test_result_base': None}
[2.264s] INFO:colcon.colcon_core.executor:Executing jobs using 'parallel' executor
[2.267s] DEBUG:colcon.colcon_parallel_executor.executor.parallel:run_until_complete
[2.268s] INFO:colcon.colcon_ros.task.ament_cmake.build:Building ROS package in '/dev_ws/src/articubot_one' with build type 'ament_cmake'
[2.268s] INFO:colcon.colcon_cmake.task.cmake.build:Building CMake package in '/dev_ws/src/articubot_one'
[2.301s] INFO:colcon.colcon_core.plugin_system:Skipping extension 'colcon_core.shell.bat': Not used on non-Windows systems
[2.301s] INFO:colcon.colcon_core.shell:Skip shell extension 'powershell' for command environment: Not usable outside of PowerShell
[2.302s] DEBUG:colcon.colcon_core.shell:Skip shell extension 'dsv' for command environment
[2.380s] DEBUG:colcon.colcon_core.event_handler.log_command:Invoking command in '/dev_ws/build/articubot_one': CMAKE_PREFIX_PATH=/opt/ros/foxy /usr/bin/cmake --build /dev_ws/build/articubot_one -- -j8 -l8
[2.592s] DEBUG:colcon.colcon_core.event_handler.log_command:Invoked command in '/dev_ws/build/articubot_one' returned '0': CMAKE_PREFIX_PATH=/opt/ros/foxy /usr/bin/cmake --build /dev_ws/build/articubot_one -- -j8 -l8
[2.668s] DEBUG:colcon.colcon_core.event_handler.log_command:Invoking command in '/dev_ws/build/articubot_one': CMAKE_PREFIX_PATH=/opt/ros/foxy /usr/bin/cmake --install /dev_ws/build/articubot_one
[2.827s] Level 1:colcon.colcon_core.environment:create_environment_scripts_only(articubot_one)
[2.829s] DEBUG:colcon.colcon_core.event_handler.log_command:Invoked command in '/dev_ws/build/articubot_one' returned '0': CMAKE_PREFIX_PATH=/opt/ros/foxy /usr/bin/cmake --install /dev_ws/build/articubot_one
[2.865s] Level 1:colcon.colcon_core.environment:checking '/dev_ws/install/articubot_one' for CMake module files
[2.868s] Level 1:colcon.colcon_core.environment:checking '/dev_ws/install/articubot_one' for CMake config files
[2.871s] Level 1:colcon.colcon_core.shell:create_environment_hook('articubot_one', 'cmake_prefix_path')
[2.875s] INFO:colcon.colcon_core.shell:Creating environment hook '/dev_ws/install/articubot_one/share/articubot_one/hook/cmake_prefix_path.ps1'
[2.878s] INFO:colcon.colcon_core.shell:Creating environment descriptor '/dev_ws/install/articubot_one/share/articubot_one/hook/cmake_prefix_path.dsv'
[2.881s] INFO:colcon.colcon_core.shell:Creating environment hook '/dev_ws/install/articubot_one/share/articubot_one/hook/cmake_prefix_path.sh'
[2.885s] Level 1:colcon.colcon_core.environment:checking '/dev_ws/install/articubot_one/bin'
[2.885s] Level 1:colcon.colcon_core.environment:checking '/dev_ws/install/articubot_one/lib/pkgconfig/articubot_one.pc'
[2.888s] Level 1:colcon.colcon_core.environment:checking '/dev_ws/install/articubot_one/lib/python3.8/site-packages'
[2.889s] Level 1:colcon.colcon_core.environment:checking '/dev_ws/install/articubot_one/bin'
[2.892s] INFO:colcon.colcon_core.shell:Creating package script '/dev_ws/install/articubot_one/share/articubot_one/package.ps1'
[2.897s] INFO:colcon.colcon_core.shell:Creating package descriptor '/dev_ws/install/articubot_one/share/articubot_one/package.dsv'
[2.898s] INFO:colcon.colcon_core.shell:Creating package script '/dev_ws/install/articubot_one/share/articubot_one/package.sh'
[2.900s] INFO:colcon.colcon_core.shell:Creating package script '/dev_ws/install/articubot_one/share/articubot_one/package.bash'
[2.903s] INFO:colcon.colcon_core.shell:Creating package script '/dev_ws/install/articubot_one/share/articubot_one/package.zsh'
[2.906s] Level 1:colcon.colcon_core.environment:create_file_with_runtime_dependencies(/dev_ws/install/articubot_one/share/colcon-core/packages/articubot_one)
[2.989s] Level 1:colcon.colcon_core.environment:create_environment_scripts_only(articubot_one)
[2.995s] Level 1:colcon.colcon_core.environment:checking '/dev_ws/install/articubot_one' for CMake module files
[2.997s] Level 1:colcon.colcon_core.environment:checking '/dev_ws/install/articubot_one' for CMake config files
[2.998s] Level 1:colcon.colcon_core.shell:create_environment_hook('articubot_one', 'cmake_prefix_path')
[3.002s] INFO:colcon.colcon_core.shell:Creating environment hook '/dev_ws/install/articubot_one/share/articubot_one/hook/cmake_prefix_path.ps1'
[3.003s] INFO:colcon.colcon_core.shell:Creating environment descriptor '/dev_ws/install/articubot_one/share/articubot_one/hook/cmake_prefix_path.dsv'
[3.005s] INFO:colcon.colcon_core.shell:Creating environment hook '/dev_ws/install/articubot_one/share/articubot_one/hook/cmake_prefix_path.sh'
[3.007s] Level 1:colcon.colcon_core.environment:checking '/dev_ws/install/articubot_one/bin'
[3.007s] Level 1:colcon.colcon_core.environment:checking '/dev_ws/install/articubot_one/lib/pkgconfig/articubot_one.pc'
[3.008s] Level 1:colcon.colcon_core.environment:checking '/dev_ws/install/articubot_one/lib/python3.8/site-packages'
[3.008s] Level 1:colcon.colcon_core.environment:checking '/dev_ws/install/articubot_one/bin'
[3.013s] INFO:colcon.colcon_core.shell:Creating package script '/dev_ws/install/articubot_one/share/articubot_one/package.ps1'
[3.015s] INFO:colcon.colcon_core.shell:Creating package descriptor '/dev_ws/install/articubot_one/share/articubot_one/package.dsv'
[3.016s] INFO:colcon.colcon_core.shell:Creating package script '/dev_ws/install/articubot_one/share/articubot_one/package.sh'
[3.018s] INFO:colcon.colcon_core.shell:Creating package script '/dev_ws/install/articubot_one/share/articubot_one/package.bash'
[3.019s] INFO:colcon.colcon_core.shell:Creating package script '/dev_ws/install/articubot_one/share/articubot_one/package.zsh'
[3.020s] Level 1:colcon.colcon_core.environment:create_file_with_runtime_dependencies(/dev_ws/install/articubot_one/share/colcon-core/packages/articubot_one)
[3.021s] DEBUG:colcon.colcon_parallel_executor.executor.parallel:closing loop
[3.021s] DEBUG:colcon.colcon_parallel_executor.executor.parallel:loop closed
[3.022s] DEBUG:colcon.colcon_parallel_executor.executor.parallel:run_until_complete finished with '0'
[3.022s] DEBUG:colcon.colcon_core.event_reactor:joining thread
[3.060s] INFO:colcon.colcon_core.plugin_system:Skipping extension 'colcon_notification.desktop_notification.notify_send': Could not find 'notify-send'
[3.060s] INFO:colcon.colcon_core.plugin_system:Skipping extension 'colcon_notification.desktop_notification.terminal_notifier': Not used on non-Darwin systems
[3.061s] INFO:colcon.colcon_core.plugin_system:Skipping extension 'colcon_notification.desktop_notification.win32': Not used on non-Windows systems
[3.061s] INFO:colcon.colcon_notification.desktop_notification:Sending desktop notification using 'notify2'
[3.119s] DEBUG:colcon.colcon_notification.desktop_notification.notify2:Failed to initialize notify2: org.freedesktop.DBus.Error.Spawn.ExecFailed: /usr/bin/dbus-launch terminated abnormally without any error message
[3.119s] DEBUG:colcon.colcon_core.event_reactor:joined thread
[3.124s] INFO:colcon.colcon_core.shell:Creating prefix script '/dev_ws/install/local_setup.ps1'
[3.129s] INFO:colcon.colcon_core.shell:Creating prefix util module '/dev_ws/install/_local_setup_util_ps1.py'
[3.133s] INFO:colcon.colcon_core.shell:Creating prefix chain script '/dev_ws/install/setup.ps1'
[3.138s] INFO:colcon.colcon_core.shell:Creating prefix script '/dev_ws/install/local_setup.sh'
[3.141s] INFO:colcon.colcon_core.shell:Creating prefix util module '/dev_ws/install/_local_setup_util_sh.py'
[3.142s] INFO:colcon.colcon_core.shell:Creating prefix chain script '/dev_ws/install/setup.sh'
[3.146s] INFO:colcon.colcon_core.shell:Creating prefix script '/dev_ws/install/local_setup.bash'
[3.148s] INFO:colcon.colcon_core.shell:Creating prefix chain script '/dev_ws/install/setup.bash'
[3.151s] INFO:colcon.colcon_core.shell:Creating prefix script '/dev_ws/install/local_setup.zsh'
[3.154s] INFO:colcon.colcon_core.shell:Creating prefix chain script '/dev_ws/install/setup.zsh'
