[0.063s] Invoking command in '/dev_ws/build/articubot_one': CMAKE_PREFIX_PATH=${CMAKE_PREFIX_PATH}:/opt/ros/foxy /usr/bin/cmake --build /dev_ws/build/articubot_one -- -j8 -l8
[0.692s] Invoked command in '/dev_ws/build/articubot_one' returned '0': CMAKE_PREFIX_PATH=${CMAKE_PREFIX_PATH}:/opt/ros/foxy /usr/bin/cmake --build /dev_ws/build/articubot_one -- -j8 -l8
[0.765s] Invoking command in '/dev_ws/build/articubot_one': CMAKE_PREFIX_PATH=${CMAKE_PREFIX_PATH}:/opt/ros/foxy /usr/bin/cmake --install /dev_ws/build/articubot_one
[0.782s] -- Install configuration: ""
[0.798s] -- Execute custom install script
[0.800s] -- Up-to-date symlink: /dev_ws/install/articubot_one/share/articubot_one/config/empty.yaml
[0.800s] -- Up-to-date symlink: /dev_ws/install/articubot_one/share/articubot_one/config/view_bot.rviz
[0.801s] -- Up-to-date symlink: /dev_ws/install/articubot_one/share/articubot_one/description/inertial_macros.xacro
[0.801s] -- Up-to-date symlink: /dev_ws/install/articubot_one/share/articubot_one/description/robot.urdf.xacro
[0.802s] -- Up-to-date symlink: /dev_ws/install/articubot_one/share/articubot_one/description/robot_core.xacro
[0.802s] -- Up-to-date symlink: /dev_ws/install/articubot_one/share/articubot_one/launch/launch_sim.launch.py
[0.803s] -- Up-to-date symlink: /dev_ws/install/articubot_one/share/articubot_one/launch/rsp.launch.py
[0.804s] -- Up-to-date symlink: /dev_ws/install/articubot_one/share/articubot_one/worlds/empty.world
[0.804s] -- Up-to-date symlink: /dev_ws/install/articubot_one/share/ament_index/resource_index/package_run_dependencies/articubot_one
[0.805s] -- Up-to-date symlink: /dev_ws/install/articubot_one/share/ament_index/resource_index/parent_prefix_path/articubot_one
[0.805s] -- Up-to-date symlink: /dev_ws/install/articubot_one/share/articubot_one/environment/ament_prefix_path.sh
[0.805s] -- Up-to-date symlink: /dev_ws/install/articubot_one/share/articubot_one/environment/ament_prefix_path.dsv
[0.806s] -- Up-to-date symlink: /dev_ws/install/articubot_one/share/articubot_one/environment/path.sh
[0.806s] -- Up-to-date symlink: /dev_ws/install/articubot_one/share/articubot_one/environment/path.dsv
[0.806s] -- Up-to-date symlink: /dev_ws/install/articubot_one/share/articubot_one/local_setup.bash
[0.807s] -- Up-to-date symlink: /dev_ws/install/articubot_one/share/articubot_one/local_setup.sh
[0.807s] -- Up-to-date symlink: /dev_ws/install/articubot_one/share/articubot_one/local_setup.zsh
[0.807s] -- Up-to-date symlink: /dev_ws/install/articubot_one/share/articubot_one/local_setup.dsv
[0.807s] -- Symlinking: /dev_ws/install/articubot_one/share/articubot_one/package.dsv
[0.826s] -- Up-to-date symlink: /dev_ws/install/articubot_one/share/ament_index/resource_index/packages/articubot_one
[0.826s] -- Up-to-date symlink: /dev_ws/install/articubot_one/share/articubot_one/cmake/articubot_oneConfig.cmake
[0.826s] -- Up-to-date symlink: /dev_ws/install/articubot_one/share/articubot_one/cmake/articubot_oneConfig-version.cmake
[0.826s] -- Up-to-date symlink: /dev_ws/install/articubot_one/share/articubot_one/package.xml
[0.831s] Invoked command in '/dev_ws/build/articubot_one' returned '0': CMAKE_PREFIX_PATH=${CMAKE_PREFIX_PATH}:/opt/ros/foxy /usr/bin/cmake --install /dev_ws/build/articubot_one
